2022-06-17 21:28:34,623 [INFO  IM] - <login_server.cpp>|<126>|<main>,server start listen on:
For client 0.0.0.0:8008
For MsgServer: 0.0.0.0:8100
For http:0.0.0.0:8080

2022-06-17 21:28:34,623 [INFO  IM] - <login_server.cpp>|<131>|<main>,now enter the event loop...

2022-10-21 11:43:18,309 [ERROR IM] - <BaseSocket.cpp>|<74>|<Listen>,listen failed, err_code=98, server_ip=0.0.0.0, port=8080
2022-10-21 11:44:02,235 [INFO  IM] - <login_server.cpp>|<127>|<main>,server start listen on:
For client 0.0.0.0:8008
For MsgServer: 0.0.0.0:8100
For http:0.0.0.0:8081

2022-10-21 11:44:02,235 [INFO  IM] - <login_server.cpp>|<131>|<main>,now enter the event loop...

2022-10-21 11:46:06,451 [INFO  IM] - <HttpConn.cpp>|<146>|<OnConnect>,OnConnect, handle=9

2022-10-21 11:47:06,483 [INFO  IM] - <HttpConn.cpp>|<103>|<~CHttpConn>,~CHttpConn, handle=1

2022-10-21 11:54:51,412 [INFO  IM] - <HttpConn.cpp>|<146>|<OnConnect>,OnConnect, handle=9

2022-10-21 11:55:51,467 [INFO  IM] - <HttpConn.cpp>|<103>|<~CHttpConn>,~CHttpConn, handle=2

2022-10-21 12:00:21,853 [INFO  IM] - <HttpConn.cpp>|<146>|<OnConnect>,OnConnect, handle=9

2022-10-21 12:01:21,877 [INFO  IM] - <HttpConn.cpp>|<103>|<~CHttpConn>,~CHttpConn, handle=3

2022-10-21 12:04:49,006 [INFO  IM] - <HttpConn.cpp>|<146>|<OnConnect>,OnConnect, handle=9

2022-10-21 12:05:01,848 [INFO  IM] - <HttpConn.cpp>|<146>|<OnConnect>,OnConnect, handle=10

2022-10-21 12:05:34,005 [INFO  IM] - <HttpConn.cpp>|<146>|<OnConnect>,OnConnect, handle=11

2022-10-21 12:05:49,018 [INFO  IM] - <HttpConn.cpp>|<103>|<~CHttpConn>,~CHttpConn, handle=4

2022-10-21 12:06:01,857 [INFO  IM] - <HttpConn.cpp>|<103>|<~CHttpConn>,~CHttpConn, handle=5

2022-10-21 12:06:34,035 [INFO  IM] - <HttpConn.cpp>|<103>|<~CHttpConn>,~CHttpConn, handle=6

2022-10-21 12:07:04,129 [INFO  IM] - <HttpConn.cpp>|<146>|<OnConnect>,OnConnect, handle=9

2022-10-21 12:08:04,134 [INFO  IM] - <HttpConn.cpp>|<103>|<~CHttpConn>,~CHttpConn, handle=7

2022-10-21 12:08:05,842 [INFO  IM] - <HttpConn.cpp>|<146>|<OnConnect>,OnConnect, handle=9

2022-10-21 12:09:05,871 [INFO  IM] - <HttpConn.cpp>|<103>|<~CHttpConn>,~CHttpConn, handle=8

2022-10-21 13:19:05,750 [INFO  IM] - <HttpConn.cpp>|<146>|<OnConnect>,OnConnect, handle=10

2022-10-21 13:19:15,532 [INFO  IM] - <HttpConn.cpp>|<103>|<~CHttpConn>,~CHttpConn, handle=9

2022-10-21 15:09:23,404 [INFO  IM] - <HttpConn.cpp>|<146>|<OnConnect>,OnConnect, handle=11

2022-10-21 17:01:41,774 [INFO  IM] - <login_server.cpp>|<78>|<main>,config item missing, exit... 
2022-10-21 17:02:36,735 [INFO  IM] - <login_server.cpp>|<78>|<main>,config item missing, exit... 
2022-10-21 17:03:46,689 [INFO  IM] - <login_server.cpp>|<78>|<main>,config item missing, exit... ip:0.0.0.0, port:8081
2022-10-21 17:04:05,322 [INFO  IM] - <login_server.cpp>|<99>|<main>,server start listen on:For http:0.0.0.0:8081

2022-10-21 17:04:05,322 [INFO  IM] - <login_server.cpp>|<102>|<main>,now enter the event loop...

2022-10-21 17:04:44,614 [INFO  IM] - <HttpConn.cpp>|<146>|<OnConnect>,OnConnect, handle=7

2022-10-21 17:04:44,616 [INFO  IM] - <HttpConn.cpp>|<258>|<OnWriteComlete>,write complete 
2022-10-21 17:04:44,616 [INFO  IM] - <HttpConn.cpp>|<103>|<~CHttpConn>,~CHttpConn, handle=1

2022-10-21 17:05:15,796 [INFO  IM] - <HttpConn.cpp>|<146>|<OnConnect>,OnConnect, handle=7

2022-10-21 17:05:15,797 [INFO  IM] - <HttpConn.cpp>|<258>|<OnWriteComlete>,write complete 
2022-10-21 17:05:15,797 [INFO  IM] - <HttpConn.cpp>|<103>|<~CHttpConn>,~CHttpConn, handle=2

2022-10-21 17:07:06,147 [INFO  IM] - <login_server.cpp>|<99>|<main>,server start listen on:For http:0.0.0.0:8081

2022-10-21 17:07:06,147 [INFO  IM] - <login_server.cpp>|<102>|<main>,now enter the event loop...

2022-10-21 17:07:12,840 [INFO  IM] - <HttpConn.cpp>|<146>|<OnConnect>,OnConnect, handle=7

2022-10-21 17:07:12,841 [INFO  IM] - <HttpConn.cpp>|<258>|<OnWriteComlete>,write complete 
2022-10-21 17:07:12,841 [INFO  IM] - <HttpConn.cpp>|<103>|<~CHttpConn>,~CHttpConn, handle=1

2022-10-21 17:37:20,530 [INFO  IM] - <HttpConn.cpp>|<146>|<OnConnect>,OnConnect, handle=7

2022-10-21 17:37:20,530 [INFO  IM] - <HttpConn.cpp>|<258>|<OnWriteComlete>,write complete 
2022-10-21 17:37:20,530 [INFO  IM] - <HttpConn.cpp>|<103>|<~CHttpConn>,~CHttpConn, handle=2

2022-10-21 18:03:30,658 [INFO  IM] - <HttpConn.cpp>|<146>|<OnConnect>,OnConnect, handle=7

2022-10-21 18:03:30,658 [INFO  IM] - <HttpConn.cpp>|<258>|<OnWriteComlete>,write complete 
2022-10-21 18:03:30,658 [INFO  IM] - <HttpConn.cpp>|<103>|<~CHttpConn>,~CHttpConn, handle=3

2022-10-21 18:40:31,568 [INFO  IM] - <HttpConn.cpp>|<146>|<OnConnect>,OnConnect, handle=7

2022-10-21 18:40:31,568 [INFO  IM] - <HttpConn.cpp>|<258>|<OnWriteComlete>,write complete 
2022-10-21 18:40:31,568 [INFO  IM] - <HttpConn.cpp>|<103>|<~CHttpConn>,~CHttpConn, handle=4

2022-10-21 18:59:38,988 [INFO  IM] - <HttpConn.cpp>|<146>|<OnConnect>,OnConnect, handle=7

2022-10-21 18:59:38,988 [INFO  IM] - <HttpConn.cpp>|<258>|<OnWriteComlete>,write complete 
2022-10-21 18:59:38,988 [INFO  IM] - <HttpConn.cpp>|<103>|<~CHttpConn>,~CHttpConn, handle=5

2022-10-21 18:59:43,132 [INFO  IM] - <HttpConn.cpp>|<146>|<OnConnect>,OnConnect, handle=7

2022-10-21 18:59:51,069 [INFO  IM] - <HttpConn.cpp>|<103>|<~CHttpConn>,~CHttpConn, handle=6

2022-10-21 19:00:04,861 [INFO  IM] - <HttpConn.cpp>|<146>|<OnConnect>,OnConnect, handle=7

2022-10-21 19:00:12,797 [INFO  IM] - <HttpConn.cpp>|<103>|<~CHttpConn>,~CHttpConn, handle=7

2022-10-21 19:17:39,921 [INFO  IM] - <HttpConn.cpp>|<146>|<OnConnect>,OnConnect, handle=7

2022-10-21 19:17:39,921 [INFO  IM] - <HttpConn.cpp>|<103>|<~CHttpConn>,~CHttpConn, handle=8

2022-10-21 19:17:39,927 [INFO  IM] - <HttpConn.cpp>|<146>|<OnConnect>,OnConnect, handle=7

2022-10-21 19:17:39,927 [INFO  IM] - <HttpConn.cpp>|<258>|<OnWriteComlete>,write complete 
2022-10-21 19:17:39,927 [INFO  IM] - <HttpConn.cpp>|<103>|<~CHttpConn>,~CHttpConn, handle=9

2022-10-21 19:34:38,181 [INFO  IM] - <HttpConn.cpp>|<146>|<OnConnect>,OnConnect, handle=7

2022-10-21 19:34:41,942 [INFO  IM] - <HttpConn.cpp>|<146>|<OnConnect>,OnConnect, handle=8

2022-10-21 19:34:43,696 [INFO  IM] - <HttpConn.cpp>|<146>|<OnConnect>,OnConnect, handle=9

2022-10-21 19:34:43,697 [INFO  IM] - <HttpConn.cpp>|<258>|<OnWriteComlete>,write complete 
2022-10-21 19:34:43,697 [INFO  IM] - <HttpConn.cpp>|<103>|<~CHttpConn>,~CHttpConn, handle=12

2022-10-21 19:34:46,113 [INFO  IM] - <HttpConn.cpp>|<103>|<~CHttpConn>,~CHttpConn, handle=10

2022-10-21 19:34:49,876 [INFO  IM] - <HttpConn.cpp>|<103>|<~CHttpConn>,~CHttpConn, handle=11

2022-10-21 19:55:31,183 [INFO  IM] - <HttpConn.cpp>|<146>|<OnConnect>,OnConnect, handle=7

2022-10-21 19:55:31,184 [INFO  IM] - <HttpConn.cpp>|<258>|<OnWriteComlete>,write complete 
2022-10-21 19:55:31,184 [INFO  IM] - <HttpConn.cpp>|<103>|<~CHttpConn>,~CHttpConn, handle=13

2022-10-21 20:04:33,479 [INFO  IM] - <login_server.cpp>|<99>|<main>,server start listen on:For http:0.0.0.0:8081

2022-10-21 20:04:33,479 [INFO  IM] - <login_server.cpp>|<102>|<main>,now enter the event loop...

2022-10-21 20:05:07,631 [INFO  IM] - <HttpConn.cpp>|<146>|<OnConnect>,OnConnect, handle=7

2022-10-21 20:05:07,632 [INFO  IM] - <HttpConn.cpp>|<258>|<OnWriteComlete>,write complete 
2022-10-21 20:05:07,633 [INFO  IM] - <HttpConn.cpp>|<103>|<~CHttpConn>,~CHttpConn, handle=1

2022-10-21 20:05:10,727 [INFO  IM] - <HttpConn.cpp>|<146>|<OnConnect>,OnConnect, handle=7

2022-10-21 20:05:11,726 [INFO  IM] - <HttpConn.cpp>|<103>|<~CHttpConn>,~CHttpConn, handle=2

2022-10-21 20:05:12,015 [INFO  IM] - <HttpConn.cpp>|<146>|<OnConnect>,OnConnect, handle=7

2022-10-21 20:05:13,017 [INFO  IM] - <HttpConn.cpp>|<258>|<OnWriteComlete>,write complete 
2022-10-21 20:05:13,017 [INFO  IM] - <HttpConn.cpp>|<103>|<~CHttpConn>,~CHttpConn, handle=3

2022-10-21 20:05:13,533 [INFO  IM] - <HttpConn.cpp>|<146>|<OnConnect>,OnConnect, handle=7

2022-10-21 20:05:13,534 [INFO  IM] - <HttpConn.cpp>|<258>|<OnWriteComlete>,write complete 
2022-10-21 20:05:13,534 [INFO  IM] - <HttpConn.cpp>|<103>|<~CHttpConn>,~CHttpConn, handle=4

2022-10-21 20:05:34,982 [INFO  IM] - <login_server.cpp>|<99>|<main>,server start listen on:For http:0.0.0.0:8081

2022-10-21 20:05:34,983 [INFO  IM] - <login_server.cpp>|<102>|<main>,now enter the event loop...

2022-10-21 20:05:52,523 [INFO  IM] - <HttpConn.cpp>|<146>|<OnConnect>,OnConnect, handle=7

2022-10-21 20:05:52,524 [INFO  IM] - <HttpConn.cpp>|<258>|<OnWriteComlete>,write complete 
2022-10-21 20:05:52,524 [INFO  IM] - <HttpConn.cpp>|<103>|<~CHttpConn>,~CHttpConn, handle=1

2022-10-21 20:09:51,887 [INFO  IM] - <login_server.cpp>|<99>|<main>,server start listen on:For http:0.0.0.0:8081

2022-10-21 20:09:51,888 [INFO  IM] - <login_server.cpp>|<102>|<main>,now enter the event loop...

2022-10-21 20:10:00,447 [INFO  IM] - <HttpConn.cpp>|<146>|<OnConnect>,OnConnect, handle=7

2022-10-21 20:10:00,448 [INFO  IM] - <HttpConn.cpp>|<270>|<OnWriteComlete>,write complete 
2022-10-21 20:10:00,448 [INFO  IM] - <HttpConn.cpp>|<103>|<~CHttpConn>,~CHttpConn, handle=1

2022-10-21 20:10:23,123 [INFO  IM] - <login_server.cpp>|<99>|<main>,server start listen on:For http:0.0.0.0:8081

2022-10-21 20:10:23,123 [INFO  IM] - <login_server.cpp>|<102>|<main>,now enter the event loop...

2022-10-21 20:10:27,328 [INFO  IM] - <HttpConn.cpp>|<146>|<OnConnect>,OnConnect, handle=7

2022-10-21 20:10:27,329 [INFO  IM] - <HttpConn.cpp>|<270>|<OnWriteComlete>,write complete 
2022-10-21 20:10:27,329 [INFO  IM] - <HttpConn.cpp>|<103>|<~CHttpConn>,~CHttpConn, handle=1

2022-10-21 20:11:16,760 [INFO  IM] - <HttpConn.cpp>|<146>|<OnConnect>,OnConnect, handle=7

2022-10-21 20:11:16,760 [INFO  IM] - <HttpConn.cpp>|<270>|<OnWriteComlete>,write complete 
2022-10-21 20:11:16,760 [INFO  IM] - <HttpConn.cpp>|<103>|<~CHttpConn>,~CHttpConn, handle=2

2022-10-21 20:54:50,053 [INFO  IM] - <login_server.cpp>|<99>|<main>,server start listen on:For http:0.0.0.0:8081

2022-10-21 20:54:50,053 [INFO  IM] - <login_server.cpp>|<102>|<main>,now enter the event loop...

2022-10-21 20:55:04,474 [INFO  IM] - <HttpConn.cpp>|<146>|<OnConnect>,OnConnect, handle=7

2022-10-21 20:55:04,475 [INFO  IM] - <HttpConn.cpp>|<319>|<OnWriteComlete>,write complete 
2022-10-21 20:55:04,475 [INFO  IM] - <HttpConn.cpp>|<103>|<~CHttpConn>,~CHttpConn, handle=1

2022-10-21 20:55:37,763 [INFO  IM] - <login_server.cpp>|<99>|<main>,server start listen on:For http:0.0.0.0:8081

2022-10-21 20:55:37,763 [INFO  IM] - <login_server.cpp>|<102>|<main>,now enter the event loop...

2022-10-21 20:55:41,831 [INFO  IM] - <HttpConn.cpp>|<146>|<OnConnect>,OnConnect, handle=7

2022-10-21 20:55:41,831 [INFO  IM] - <HttpConn.cpp>|<319>|<OnWriteComlete>,write complete 
2022-10-21 20:55:41,831 [INFO  IM] - <HttpConn.cpp>|<103>|<~CHttpConn>,~CHttpConn, handle=1

2022-10-21 20:57:26,714 [INFO  IM] - <login_server.cpp>|<99>|<main>,server start listen on:For http:0.0.0.0:8081

2022-10-21 20:57:26,714 [INFO  IM] - <login_server.cpp>|<102>|<main>,now enter the event loop...

2022-10-21 20:57:31,902 [INFO  IM] - <HttpConn.cpp>|<146>|<OnConnect>,OnConnect, handle=7

2022-10-21 20:57:31,903 [INFO  IM] - <HttpConn.cpp>|<319>|<OnWriteComlete>,write complete 
2022-10-21 20:57:31,903 [INFO  IM] - <HttpConn.cpp>|<103>|<~CHttpConn>,~CHttpConn, handle=1

2022-10-21 20:57:56,423 [INFO  IM] - <login_server.cpp>|<99>|<main>,server start listen on:For http:0.0.0.0:8081

2022-10-21 20:57:56,423 [INFO  IM] - <login_server.cpp>|<102>|<main>,now enter the event loop...

2022-10-21 20:57:59,892 [INFO  IM] - <HttpConn.cpp>|<146>|<OnConnect>,OnConnect, handle=7

2022-10-21 20:57:59,893 [INFO  IM] - <HttpConn.cpp>|<319>|<OnWriteComlete>,write complete 
2022-10-21 20:57:59,893 [INFO  IM] - <HttpConn.cpp>|<103>|<~CHttpConn>,~CHttpConn, handle=1

2022-10-21 21:19:20,160 [INFO  IM] - <login_server.cpp>|<99>|<main>,server start listen on:For http:0.0.0.0:8081

2022-10-21 21:19:20,160 [INFO  IM] - <login_server.cpp>|<102>|<main>,now enter the event loop...

2022-10-21 21:19:26,046 [INFO  IM] - <HttpConn.cpp>|<146>|<OnConnect>,OnConnect, handle=7

2022-10-21 21:19:26,047 [INFO  IM] - <HttpConn.cpp>|<427>|<OnWriteComlete>,write complete 
2022-10-21 21:19:26,047 [INFO  IM] - <HttpConn.cpp>|<103>|<~CHttpConn>,~CHttpConn, handle=1

2022-10-21 21:21:37,689 [INFO  IM] - <login_server.cpp>|<99>|<main>,server start listen on:For http:0.0.0.0:8081

2022-10-21 21:21:37,689 [INFO  IM] - <login_server.cpp>|<102>|<main>,now enter the event loop...

2022-10-21 21:21:41,999 [INFO  IM] - <HttpConn.cpp>|<146>|<OnConnect>,OnConnect, handle=7

2022-10-21 21:21:41,999 [INFO  IM] - <HttpConn.cpp>|<428>|<OnWriteComlete>,write complete 
2022-10-21 21:21:41,999 [INFO  IM] - <HttpConn.cpp>|<103>|<~CHttpConn>,~CHttpConn, handle=1

2022-10-21 21:23:19,781 [INFO  IM] - <login_server.cpp>|<99>|<main>,server start listen on:For http:0.0.0.0:8081

2022-10-21 21:23:19,781 [INFO  IM] - <login_server.cpp>|<102>|<main>,now enter the event loop...

2022-10-21 21:23:23,658 [INFO  IM] - <HttpConn.cpp>|<146>|<OnConnect>,OnConnect, handle=7

2022-10-21 21:23:23,658 [INFO  IM] - <HttpConn.cpp>|<428>|<OnWriteComlete>,write complete 
2022-10-21 21:23:23,658 [INFO  IM] - <HttpConn.cpp>|<103>|<~CHttpConn>,~CHttpConn, handle=1

2022-10-21 21:24:11,663 [INFO  IM] - <login_server.cpp>|<99>|<main>,server start listen on:For http:0.0.0.0:8081

2022-10-21 21:24:11,663 [INFO  IM] - <login_server.cpp>|<102>|<main>,now enter the event loop...

2022-10-21 21:24:15,498 [INFO  IM] - <HttpConn.cpp>|<146>|<OnConnect>,OnConnect, handle=7

2022-10-21 21:24:15,499 [INFO  IM] - <HttpConn.cpp>|<428>|<OnWriteComlete>,write complete 
2022-10-21 21:24:15,499 [INFO  IM] - <HttpConn.cpp>|<103>|<~CHttpConn>,~CHttpConn, handle=1

2022-10-21 21:26:36,127 [INFO  IM] - <login_server.cpp>|<99>|<main>,server start listen on:For http:0.0.0.0:8081

2022-10-21 21:26:36,128 [INFO  IM] - <login_server.cpp>|<102>|<main>,now enter the event loop...

2022-10-21 21:26:39,810 [INFO  IM] - <HttpConn.cpp>|<146>|<OnConnect>,OnConnect, handle=7

2022-10-21 21:26:39,810 [INFO  IM] - <HttpConn.cpp>|<428>|<OnWriteComlete>,write complete 
2022-10-21 21:26:39,810 [INFO  IM] - <HttpConn.cpp>|<103>|<~CHttpConn>,~CHttpConn, handle=1

2022-10-21 21:27:15,912 [INFO  IM] - <login_server.cpp>|<99>|<main>,server start listen on:For http:0.0.0.0:8081

2022-10-21 21:27:15,912 [INFO  IM] - <login_server.cpp>|<102>|<main>,now enter the event loop...

2022-10-21 21:27:20,064 [INFO  IM] - <HttpConn.cpp>|<146>|<OnConnect>,OnConnect, handle=7

2022-10-21 21:27:20,064 [INFO  IM] - <HttpConn.cpp>|<429>|<OnWriteComlete>,write complete 
2022-10-21 21:27:20,064 [INFO  IM] - <HttpConn.cpp>|<103>|<~CHttpConn>,~CHttpConn, handle=1

2022-10-21 21:28:04,584 [INFO  IM] - <login_server.cpp>|<99>|<main>,server start listen on:For http:0.0.0.0:8081

2022-10-21 21:28:04,584 [INFO  IM] - <login_server.cpp>|<102>|<main>,now enter the event loop...

2022-10-21 21:28:08,155 [INFO  IM] - <HttpConn.cpp>|<146>|<OnConnect>,OnConnect, handle=7

2022-10-21 21:28:08,155 [INFO  IM] - <HttpConn.cpp>|<430>|<OnWriteComlete>,write complete 
2022-10-21 21:28:08,155 [INFO  IM] - <HttpConn.cpp>|<103>|<~CHttpConn>,~CHttpConn, handle=1

2022-10-21 21:29:08,266 [INFO  IM] - <login_server.cpp>|<99>|<main>,server start listen on:For http:0.0.0.0:8081

2022-10-21 21:29:08,266 [INFO  IM] - <login_server.cpp>|<102>|<main>,now enter the event loop...

2022-10-21 21:29:11,790 [INFO  IM] - <HttpConn.cpp>|<146>|<OnConnect>,OnConnect, handle=7

2022-10-21 21:29:11,790 [INFO  IM] - <HttpConn.cpp>|<432>|<OnWriteComlete>,write complete 
2022-10-21 21:29:11,790 [INFO  IM] - <HttpConn.cpp>|<103>|<~CHttpConn>,~CHttpConn, handle=1

2022-10-21 21:29:59,621 [INFO  IM] - <login_server.cpp>|<99>|<main>,server start listen on:For http:0.0.0.0:8081

2022-10-21 21:29:59,621 [INFO  IM] - <login_server.cpp>|<102>|<main>,now enter the event loop...

2022-10-21 21:30:03,330 [INFO  IM] - <HttpConn.cpp>|<146>|<OnConnect>,OnConnect, handle=7

2022-10-21 21:30:03,331 [INFO  IM] - <HttpConn.cpp>|<436>|<OnWriteComlete>,write complete 
2022-10-21 21:30:03,331 [INFO  IM] - <HttpConn.cpp>|<103>|<~CHttpConn>,~CHttpConn, handle=1

2022-10-21 21:31:17,280 [INFO  IM] - <login_server.cpp>|<99>|<main>,server start listen on:For http:0.0.0.0:8081

2022-10-21 21:31:17,280 [INFO  IM] - <login_server.cpp>|<102>|<main>,now enter the event loop...

2022-10-21 21:31:21,778 [INFO  IM] - <HttpConn.cpp>|<146>|<OnConnect>,OnConnect, handle=7

2022-10-21 21:31:21,778 [INFO  IM] - <HttpConn.cpp>|<438>|<OnWriteComlete>,write complete 
2022-10-21 21:31:21,778 [INFO  IM] - <HttpConn.cpp>|<103>|<~CHttpConn>,~CHttpConn, handle=1

2022-10-22 15:06:54,105 [INFO  IM] - <login_server.cpp>|<99>|<main>,server start listen on:For http:0.0.0.0:8081

2022-10-22 15:06:54,105 [INFO  IM] - <login_server.cpp>|<102>|<main>,now enter the event loop...

2022-10-22 15:07:16,197 [INFO  IM] - <HttpConn.cpp>|<147>|<OnConnect>,OnConnect, handle=7

2022-10-22 15:12:53,713 [INFO  IM] - <login_server.cpp>|<99>|<main>,server start listen on:For http:0.0.0.0:8081

2022-10-22 15:12:53,713 [INFO  IM] - <login_server.cpp>|<102>|<main>,now enter the event loop...

2022-10-22 15:12:58,925 [INFO  IM] - <HttpConn.cpp>|<147>|<OnConnect>,OnConnect, handle=7

2022-10-22 15:13:58,985 [INFO  IM] - <HttpConn.cpp>|<104>|<~CHttpConn>,~CHttpConn, handle=1

2022-10-22 15:19:08,241 [INFO  IM] - <login_server.cpp>|<99>|<main>,server start listen on:For http:0.0.0.0:8081

2022-10-22 15:19:08,241 [INFO  IM] - <login_server.cpp>|<102>|<main>,now enter the event loop...

2022-10-22 15:19:13,836 [INFO  IM] - <HttpConn.cpp>|<147>|<OnConnect>,OnConnect, handle=7

2022-10-22 15:19:13,871 [INFO  IM] - <HttpConn.cpp>|<472>|<OnWriteComlete>,write complete 
2022-10-22 15:19:13,871 [INFO  IM] - <HttpConn.cpp>|<104>|<~CHttpConn>,~CHttpConn, handle=1

